[    1590ms] [INFO] Slow network is detected. See https://www.chromestatus.com/feature/5636954674692096 for more details. Fallback font will be used while loading: https://expense-staging-ccbyhcf2fch9cmgf.eastus-01.azurewebsites.net/Theme/assets/fonts/Roboto-Bold.woff2 @ https://expense-staging-ccbyhcf2fch9cmgf.eastus-01.azurewebsites.net/Home/Index:355
[    1600ms] [INFO] Slow network is detected. See https://www.chromestatus.com/feature/5636954674692096 for more details. Fallback font will be used while loading: https://expense-staging-ccbyhcf2fch9cmgf.eastus-01.azurewebsites.net/Theme/assets/fonts/Roboto-Regular.woff2 @ https://expense-staging-ccbyhcf2fch9cmgf.eastus-01.azurewebsites.net/Home/Index:355
[    3292ms] [ERROR] Failed to load resource: the server responded with a status of 404 (Not Found) @ https://expense-staging-ccbyhcf2fch9cmgf.eastus-01.azurewebsites.net/images/favicon.png:0
[    6170ms] [INFO] Slow network is detected. See https://www.chromestatus.com/feature/5636954674692096 for more details. Fallback font will be used while loading: https://expense-staging-ccbyhcf2fch9cmgf.eastus-01.azurewebsites.net/Theme/assets/fonts/Roboto-Medium.woff2 @ https://expense-staging-ccbyhcf2fch9cmgf.eastus-01.azurewebsites.net/ActionCenter/ExpenseactionCenter?ID=8371:1114
[    8788ms] ReferenceError: $ is not defined
    at https://expense-staging-ccbyhcf2fch9cmgf.eastus-01.azurewebsites.net/AllForms/EditExpenseForm/8371:613:9
[    8789ms] ReferenceError: $ is not defined
    at https://expense-staging-ccbyhcf2fch9cmgf.eastus-01.azurewebsites.net/AllForms/EditExpenseForm/8371:637:5
[    9425ms] [ERROR] Failed to load resource: the server responded with a status of 404 (Not Found) @ https://expense-staging-ccbyhcf2fch9cmgf.eastus-01.azurewebsites.net/AllForms/images/favicon.png:0
[   41262ms] TypeError: Cannot read properties of undefined (reading '15564')
    at t.transformDictionaryWord (https://expense-staging-ccbyhcf2fch9cmgf.eastus-01.azurewebsites.net/theme/assets/js/bundle.js?ver=2.5.0:1:1829825)
    at Y (https://expense-staging-ccbyhcf2fch9cmgf.eastus-01.azurewebsites.net/theme/assets/js/bundle.js?ver=2.5.0:1:1102460)
    at t.BrotliDecompressBuffer (https://expense-staging-ccbyhcf2fch9cmgf.eastus-01.azurewebsites.net/theme/assets/js/bundle.js?ver=2.5.0:1:1103109)
    at t.init (https://expense-staging-ccbyhcf2fch9cmgf.eastus-01.azurewebsites.net/theme/assets/js/bundle.js?ver=2.5.0:1:1750980)
    at t.init (https://expense-staging-ccbyhcf2fch9cmgf.eastus-01.azurewebsites.net/theme/assets/js/bundle.js?ver=2.5.0:1:1103757)
    at Object.pdfMake (https://expense-staging-ccbyhcf2fch9cmgf.eastus-01.azurewebsites.net/theme/assets/js/bundle.js?ver=2.5.0:1:1103210)
    at e (https://expense-staging-ccbyhcf2fch9cmgf.eastus-01.azurewebsites.net/theme/assets/js/bundle.js?ver=2.5.0:1:863526)
    at Object.pdfMake (https://expense-staging-ccbyhcf2fch9cmgf.eastus-01.azurewebsites.net/theme/assets/js/bundle.js?ver=2.5.0:1:1749499)
    at e (https://expense-staging-ccbyhcf2fch9cmgf.eastus-01.azurewebsites.net/theme/assets/js/bundle.js?ver=2.5.0:1:863526)
    at Object.<anonymous> (https://expense-staging-ccbyhcf2fch9cmgf.eastus-01.azurewebsites.net/theme/assets/js/bundle.js?ver=2.5.0:1:1325800)
